<?xml version="1.0" encoding="UTF-8"?>
<!-- Generated by org.testng.reporters.JUnitXMLReporter -->
<testsuite hostname="Pauus-PC" ignored="0" name="TwitterAPITest" tests="6" failures="0" timestamp="19 Feb 2020 22:12:32 GMT" time="5.475" errors="0">
  <testcase name="createTweet" time="2.986" classname="com.twitterapi.functionality.CreateTweetTest"/>
  <testcase name="getLatestTweets" time="0.667" classname="com.twitterapi.functionality.LatestTweetsTest"/>
  <testcase name="reTweet" time="0.309" classname="com.twitterapi.functionality.ReTweetTest"/>
  <testcase name="getTrendsByLoc" time="0.335" classname="com.twitterapi.functionality.TrendsByLocationTest"/>
  <testcase name="sendDirectMessage" time="0.363" classname="com.twitterapi.functionality.SendDirectMessageTest"/>
  <testcase name="getFollowersList" time="0.398" classname="com.twitterapi.functionality.FriendListTest"/>
</testsuite> <!-- TwitterAPITest -->
