<?xml version="1.0" encoding="UTF-8"?>
<!-- Generated by org.testng.reporters.JUnitXMLReporter -->
<testsuite ignored="0" hostname="Pauus-PC" failures="0" tests="6" name="TwitterAPITest" time="10.607" errors="0" timestamp="06 Mar 2020 15:08:10 GMT">
  <testcase classname="com.twitterapi.functionality.CreateTweetTest" name="createTweet" time="6.106"/>
  <testcase classname="com.twitterapi.functionality.LatestTweetsTest" name="getLatestTweets" time="0.536"/>
  <testcase classname="com.twitterapi.functionality.ReTweetTest" name="reTweet" time="0.419"/>
  <testcase classname="com.twitterapi.functionality.TrendsByLocationTest" name="getTrendsByLoc" time="0.516"/>
  <testcase classname="com.twitterapi.functionality.SendDirectMessageTest" name="sendDirectMessage" time="0.569"/>
  <testcase classname="com.twitterapi.functionality.FriendListTest" name="getFollowersList" time="0.531"/>
</testsuite> <!-- TwitterAPITest -->
