<?xml version="1.0" encoding="UTF-8"?>
<!-- Generated by org.testng.reporters.JUnitXMLReporter -->
<testsuite ignored="0" hostname="Pauus-PC" failures="0" tests="6" name="TwitterAPITest" time="16.142" errors="0" timestamp="25 May 2020 10:17:28 GMT">
  <testcase classname="com.twitterapi.functionality.CreateTweetTest" name="createTweet" time="7.928"/>
  <testcase classname="com.twitterapi.functionality.LatestTweetsTest" name="getLatestTweets" time="0.867"/>
  <testcase classname="com.twitterapi.functionality.ReTweetTest" name="reTweet" time="0.41"/>
  <testcase classname="com.twitterapi.functionality.TrendsByLocationTest" name="getTrendsByLoc" time="0.487"/>
  <testcase classname="com.twitterapi.functionality.SendDirectMessageTest" name="sendDirectMessage" time="0.484"/>
  <testcase classname="com.twitterapi.functionality.FriendListTest" name="getFollowersList" time="0.503"/>
</testsuite> <!-- TwitterAPITest -->
