<?xml version="1.0" encoding="UTF-8"?>
<testng-results ignored="0" total="6" passed="6" failed="0" skipped="0">
  <reporter-output>
  </reporter-output>
  <suite started-at="2020-05-25T10:17:11Z" name="Suite" finished-at="2020-05-25T10:17:28Z" duration-ms="16142">
    <groups>
      <group name="regression">
        <method signature="FriendListTest.getFollowersList()[pri:0, instance:com.twitterapi.functionality.FriendListTest@2c532cd8]" name="getFollowersList" class="com.twitterapi.functionality.FriendListTest"/>
        <method signature="TrendsByLocationTest.getTrendsByLoc()[pri:0, instance:com.twitterapi.functionality.TrendsByLocationTest@39a8312f]" name="getTrendsByLoc" class="com.twitterapi.functionality.TrendsByLocationTest"/>
      </group> <!-- regression -->
      <group name="smoke">
        <method signature="CreateTweetTest.createTweet()[pri:0, instance:com.twitterapi.functionality.CreateTweetTest@72c28d64]" name="createTweet" class="com.twitterapi.functionality.CreateTweetTest"/>
        <method signature="SendDirectMessageTest.sendDirectMessage()[pri:0, instance:com.twitterapi.functionality.SendDirectMessageTest@5f6722d3]" name="sendDirectMessage" class="com.twitterapi.functionality.SendDirectMessageTest"/>
      </group> <!-- smoke -->
    </groups>
    <test started-at="2020-05-25T10:17:11Z" name="TwitterAPITest" finished-at="2020-05-25T10:17:28Z" duration-ms="16142">
      <class name="com.twitterapi.functionality.FriendListTest">
        <test-method is-config="true" signature="loadUrlAndAuthenticate()[pri:0, instance:com.twitterapi.functionality.FriendListTest@2c532cd8]" started-at="2020-05-25T10:17:27Z" name="loadUrlAndAuthenticate" finished-at="2020-05-25T10:17:27Z" duration-ms="1" status="PASS">
          <reporter-output>
          </reporter-output>
        </test-method> <!-- loadUrlAndAuthenticate -->
        <test-method signature="getFollowersList()[pri:0, instance:com.twitterapi.functionality.FriendListTest@2c532cd8]" started-at="2020-05-25T10:17:27Z" name="getFollowersList" finished-at="2020-05-25T10:17:28Z" duration-ms="503" status="PASS">
          <reporter-output>
          </reporter-output>
        </test-method> <!-- getFollowersList -->
      </class> <!-- com.twitterapi.functionality.FriendListTest -->
      <class name="com.twitterapi.functionality.LatestTweetsTest">
        <test-method signature="getLatestTweets()[pri:0, instance:com.twitterapi.functionality.LatestTweetsTest@6492fab5]" started-at="2020-05-25T10:17:25Z" name="getLatestTweets" finished-at="2020-05-25T10:17:26Z" duration-ms="867" status="PASS">
          <reporter-output>
          </reporter-output>
        </test-method> <!-- getLatestTweets -->
        <test-method is-config="true" signature="loadUrlAndAuthenticate()[pri:0, instance:com.twitterapi.functionality.LatestTweetsTest@6492fab5]" started-at="2020-05-25T10:17:25Z" name="loadUrlAndAuthenticate" finished-at="2020-05-25T10:17:25Z" duration-ms="0" status="PASS">
          <reporter-output>
          </reporter-output>
        </test-method> <!-- loadUrlAndAuthenticate -->
      </class> <!-- com.twitterapi.functionality.LatestTweetsTest -->
      <class name="com.twitterapi.functionality.SendDirectMessageTest">
        <test-method signature="sendDirectMessage()[pri:0, instance:com.twitterapi.functionality.SendDirectMessageTest@5f6722d3]" started-at="2020-05-25T10:17:27Z" name="sendDirectMessage" finished-at="2020-05-25T10:17:27Z" duration-ms="484" status="PASS">
          <reporter-output>
          </reporter-output>
        </test-method> <!-- sendDirectMessage -->
        <test-method is-config="true" signature="loadUrlAndAuthenticate()[pri:0, instance:com.twitterapi.functionality.SendDirectMessageTest@5f6722d3]" started-at="2020-05-25T10:17:27Z" name="loadUrlAndAuthenticate" finished-at="2020-05-25T10:17:27Z" duration-ms="0" status="PASS">
          <reporter-output>
          </reporter-output>
        </test-method> <!-- loadUrlAndAuthenticate -->
      </class> <!-- com.twitterapi.functionality.SendDirectMessageTest -->
      <class name="com.twitterapi.functionality.CreateTweetTest">
        <test-method is-config="true" signature="loadUrlAndAuthenticate()[pri:0, instance:com.twitterapi.functionality.CreateTweetTest@72c28d64]" started-at="2020-05-25T10:17:11Z" name="loadUrlAndAuthenticate" finished-at="2020-05-25T10:17:17Z" duration-ms="5299" status="PASS">
          <reporter-output>
          </reporter-output>
        </test-method> <!-- loadUrlAndAuthenticate -->
        <test-method signature="createTweet()[pri:0, instance:com.twitterapi.functionality.CreateTweetTest@72c28d64]" started-at="2020-05-25T10:17:17Z" name="createTweet" finished-at="2020-05-25T10:17:25Z" duration-ms="7928" status="PASS">
          <reporter-output>
          </reporter-output>
        </test-method> <!-- createTweet -->
      </class> <!-- com.twitterapi.functionality.CreateTweetTest -->
      <class name="com.twitterapi.functionality.ReTweetTest">
        <test-method is-config="true" signature="loadUrlAndAuthenticate()[pri:0, instance:com.twitterapi.functionality.ReTweetTest@2c5529ab]" started-at="2020-05-25T10:17:26Z" name="loadUrlAndAuthenticate" finished-at="2020-05-25T10:17:26Z" duration-ms="1" status="PASS">
          <reporter-output>
          </reporter-output>
        </test-method> <!-- loadUrlAndAuthenticate -->
        <test-method signature="reTweet()[pri:0, instance:com.twitterapi.functionality.ReTweetTest@2c5529ab]" started-at="2020-05-25T10:17:26Z" name="reTweet" finished-at="2020-05-25T10:17:26Z" duration-ms="410" status="PASS">
          <reporter-output>
          </reporter-output>
        </test-method> <!-- reTweet -->
      </class> <!-- com.twitterapi.functionality.ReTweetTest -->
      <class name="com.twitterapi.functionality.TrendsByLocationTest">
        <test-method signature="getTrendsByLoc()[pri:0, instance:com.twitterapi.functionality.TrendsByLocationTest@39a8312f]" started-at="2020-05-25T10:17:26Z" name="getTrendsByLoc" finished-at="2020-05-25T10:17:27Z" duration-ms="487" status="PASS">
          <reporter-output>
          </reporter-output>
        </test-method> <!-- getTrendsByLoc -->
        <test-method is-config="true" signature="loadUrlAndAuthenticate()[pri:0, instance:com.twitterapi.functionality.TrendsByLocationTest@39a8312f]" started-at="2020-05-25T10:17:26Z" name="loadUrlAndAuthenticate" finished-at="2020-05-25T10:17:26Z" duration-ms="0" status="PASS">
          <reporter-output>
          </reporter-output>
        </test-method> <!-- loadUrlAndAuthenticate -->
      </class> <!-- com.twitterapi.functionality.TrendsByLocationTest -->
    </test> <!-- TwitterAPITest -->
  </suite> <!-- Suite -->
</testng-results>
