<?xml version="1.0" encoding="UTF-8"?>
<testsuite name="TestSuite" time="10.684" tests="6" errors="0" skipped="0" failures="0">
  <properties>
[...]
</properties>
  <testcase name="createTweet" classname="com.twitterapi.functionality.CreateTweetTest" time="7.93"/>
  <testcase name="getLatestTweets" classname="com.twitterapi.functionality.LatestTweetsTest" time="0.877"/>
  <testcase name="reTweet" classname="com.twitterapi.functionality.ReTweetTest" time="0.401"/>
  <testcase name="getTrendsByLoc" classname="com.twitterapi.functionality.TrendsByLocationTest" time="0.49"/>
  <testcase name="sendDirectMessage" classname="com.twitterapi.functionality.SendDirectMessageTest" time="0.483"/>
  <testcase name="getFollowersList" classname="com.twitterapi.functionality.FriendListTest" time="0.503"/>
</testsuite>